Default global: directed => digraph
Default global: driver => /usr/local/bin/dot
Default global: format => svg
Default global: label => ->
Default global: name => Perl
Default global: record_orientation => vertical
Default global: record_shape => Mrecord
Default global: strict => 0
Default global: timeout => 10
Default graph: label => Graph produced by GraphViz2::Data::Grapher's scripts/dbi.schema.pl, rankdir => TB
Default node: color => darkblue, shape => oval
Default edge: color => grey
Added node: "asset_types" [ label="{<port1> asset_types|<port2> 1: file_name\l2: file_path\l3: id\l4: name\l5: upper_name\l}" shape="record" ]
Added node: "assets" [ label="{<port1> assets|<port2> 1: asset_type_id\l2: design_id\l3: id\l4: page_id\l5: site_id\l}" shape="record" ]
Added node: "contents" [ label="{<port1> contents|<port2> 1: body_text\l2: design_id\l3: head_text\l4: id\l5: page_id\l6: site_id\l}" shape="record" ]
Added node: "designs" [ label="{<port1> designs|<port2> 1: id\l2: menu_orientation_id\l3: name\l4: os_type_id\l5: output_directory\l6: output_doc_root\l7: site_id\l8: upper_name\l}" shape="record" ]
Added node: "event_types" [ label="{<port1> event_types|<port2> 1: id\l2: name\l3: upper_name\l}" shape="record" ]
Added node: "events" [ label="{<port1> events|<port2> 1: id\l2: id_list\l3: timestamp\l}" shape="record" ]
Added node: "log" [ label="{<port1> log|<port2> 1: id\l2: level\l3: message\l4: timestamp\l}" shape="record" ]
Added node: "menu_orientations" [ label="{<port1> menu_orientations|<port2> 1: id\l2: name\l}" shape="record" ]
Added node: "menus" [ label="{<port1> menus|<port2> 1: context\l2: id\l3: mother_id\l4: name\l5: page_id\l6: unique_id\l}" shape="record" ]
Added node: "os_types" [ label="{<port1> os_types|<port2> 1: id\l2: name\l}" shape="record" ]
Added node: "pages" [ label="{<port1> pages|<port2> 1: context\l2: design_id\l3: homepage\l4: id\l5: name\l6: site_id\l7: upper_name\l}" shape="record" ]
Added node: "sessions" [ label="{<port1> sessions|<port2> 1: a_session\l2: id\l}" shape="record" ]
Added node: "sites" [ label="{<port1> sites|<port2> 1: id\l2: name\l3: upper_name\l}" shape="record" ]
Added edge: "assets":port2 -> "designs":port2 [ label="" ]
Added edge: "assets":port2 -> "sites":port2 [ label="" ]
Added edge: "assets":port2 -> "pages":port2 [ label="" ]
Added edge: "assets":port2 -> "asset_types":port2 [ label="" ]
Added edge: "contents":port2 -> "designs":port2 [ label="" ]
Added edge: "contents":port2 -> "pages":port2 [ label="" ]
Added edge: "contents":port2 -> "sites":port2 [ label="" ]
Added edge: "designs":port2 -> "sites":port2 [ label="" ]
Added edge: "designs":port2 -> "os_types":port2 [ label="" ]
Added edge: "designs":port2 -> "menu_orientations":port2 [ label="" ]
Added edge: "pages":port2 -> "designs":port2 [ label="" ]
Added edge: "pages":port2 -> "sites":port2 [ label="" ]
Added node: "App-Office-CMS" [ shape="doubleoctagon" ]
Added edge: "App-Office-CMS" -> "asset_types" [ label="" ]
Added edge: "App-Office-CMS" -> "assets" [ label="" ]
Added edge: "App-Office-CMS" -> "contents" [ label="" ]
Added edge: "App-Office-CMS" -> "designs" [ label="" ]
Added edge: "App-Office-CMS" -> "event_types" [ label="" ]
Added edge: "App-Office-CMS" -> "events" [ label="" ]
Added edge: "App-Office-CMS" -> "log" [ label="" ]
Added edge: "App-Office-CMS" -> "menu_orientations" [ label="" ]
Added edge: "App-Office-CMS" -> "menus" [ label="" ]
Added edge: "App-Office-CMS" -> "os_types" [ label="" ]
Added edge: "App-Office-CMS" -> "pages" [ label="" ]
Added edge: "App-Office-CMS" -> "sessions" [ label="" ]
Added edge: "App-Office-CMS" -> "sites" [ label="" ]
Driver: /usr/local/bin/dot. Output file: html/dbi.schema.svg. Format: svg. Timeout: 11 second(s)

digraph Perl
{
graph [ label="Graph produced by GraphViz2::Data::Grapher's scripts/dbi.schema.pl" rankdir="TB" ]
node [ color="darkblue" shape="oval" ]
edge [ color="grey" ]
"asset_types" [ label="{<port1> asset_types|<port2> 1: file_name\l2: file_path\l3: id\l4: name\l5: upper_name\l}" shape="record" ]
"assets" [ label="{<port1> assets|<port2> 1: asset_type_id\l2: design_id\l3: id\l4: page_id\l5: site_id\l}" shape="record" ]
"contents" [ label="{<port1> contents|<port2> 1: body_text\l2: design_id\l3: head_text\l4: id\l5: page_id\l6: site_id\l}" shape="record" ]
"designs" [ label="{<port1> designs|<port2> 1: id\l2: menu_orientation_id\l3: name\l4: os_type_id\l5: output_directory\l6: output_doc_root\l7: site_id\l8: upper_name\l}" shape="record" ]
"event_types" [ label="{<port1> event_types|<port2> 1: id\l2: name\l3: upper_name\l}" shape="record" ]
"events" [ label="{<port1> events|<port2> 1: id\l2: id_list\l3: timestamp\l}" shape="record" ]
"log" [ label="{<port1> log|<port2> 1: id\l2: level\l3: message\l4: timestamp\l}" shape="record" ]
"menu_orientations" [ label="{<port1> menu_orientations|<port2> 1: id\l2: name\l}" shape="record" ]
"menus" [ label="{<port1> menus|<port2> 1: context\l2: id\l3: mother_id\l4: name\l5: page_id\l6: unique_id\l}" shape="record" ]
"os_types" [ label="{<port1> os_types|<port2> 1: id\l2: name\l}" shape="record" ]
"pages" [ label="{<port1> pages|<port2> 1: context\l2: design_id\l3: homepage\l4: id\l5: name\l6: site_id\l7: upper_name\l}" shape="record" ]
"sessions" [ label="{<port1> sessions|<port2> 1: a_session\l2: id\l}" shape="record" ]
"sites" [ label="{<port1> sites|<port2> 1: id\l2: name\l3: upper_name\l}" shape="record" ]
"assets":port2 -> "designs":port2 [ label="" ]
"assets":port2 -> "sites":port2 [ label="" ]
"assets":port2 -> "pages":port2 [ label="" ]
"assets":port2 -> "asset_types":port2 [ label="" ]
"contents":port2 -> "designs":port2 [ label="" ]
"contents":port2 -> "pages":port2 [ label="" ]
"contents":port2 -> "sites":port2 [ label="" ]
"designs":port2 -> "sites":port2 [ label="" ]
"designs":port2 -> "os_types":port2 [ label="" ]
"designs":port2 -> "menu_orientations":port2 [ label="" ]
"pages":port2 -> "designs":port2 [ label="" ]
"pages":port2 -> "sites":port2 [ label="" ]
"App-Office-CMS" [ shape="doubleoctagon" ]
"App-Office-CMS" -> "asset_types" [ label="" ]
"App-Office-CMS" -> "assets" [ label="" ]
"App-Office-CMS" -> "contents" [ label="" ]
"App-Office-CMS" -> "designs" [ label="" ]
"App-Office-CMS" -> "event_types" [ label="" ]
"App-Office-CMS" -> "events" [ label="" ]
"App-Office-CMS" -> "log" [ label="" ]
"App-Office-CMS" -> "menu_orientations" [ label="" ]
"App-Office-CMS" -> "menus" [ label="" ]
"App-Office-CMS" -> "os_types" [ label="" ]
"App-Office-CMS" -> "pages" [ label="" ]
"App-Office-CMS" -> "sessions" [ label="" ]
"App-Office-CMS" -> "sites" [ label="" ]
}
Wrote html/dbi.schema.svg. Size: 22766 bytes
