Default global: directed => graph
Default global: driver => /usr/local/bin/dot
Default global: format => svg
Default global: label => --
Default global: name => Heawood
Default global: record_orientation => vertical
Default global: record_shape => Mrecord
Default global: strict => 0
Default global: timeout => 10
Default graph: label => Graph produced by GraphViz2::Data::Grapher's scripts/Heawood.pl, rankdir => TB
Default node: 
Default edge: 
Default edge: color => black
Default node: color => black, fontname => Arial, height => 0.500000, label => \N, shape => circle, width => 0.50000
Added node: "0"
Added node: "1"
Added edge: "0" -- "1" [ label="" ]
Added node: "2"
Added edge: "1" -- "2" [ label="" ]
Added node: "3"
Added edge: "2" -- "3" [ label="" ]
Added node: "4"
Added edge: "3" -- "4" [ label="" ]
Added node: "5"
Added edge: "4" -- "5" [ label="" ]
Added node: "6"
Added edge: "5" -- "6" [ label="" ]
Added node: "7"
Added edge: "6" -- "7" [ label="" ]
Added node: "8"
Added edge: "7" -- "8" [ label="" ]
Added node: "9"
Added edge: "8" -- "9" [ label="" ]
Added node: "10"
Added edge: "9" -- "10" [ label="" ]
Added node: "11"
Added edge: "10" -- "11" [ label="" ]
Added node: "12"
Added edge: "11" -- "12" [ label="" ]
Added node: "13"
Added edge: "12" -- "13" [ label="" ]
Added edge: "13" -- "0" [ label="" ]
Added edge: "0" -- "5" [ label="" len="2.5" ]
Added edge: "2" -- "7" [ label="" len="2.5" ]
Added edge: "4" -- "9" [ label="" len="2.5" ]
Added edge: "6" -- "11" [ label="" len="2.5" ]
Added edge: "8" -- "13" [ label="" len="2.5" ]
Added edge: "10" -- "1" [ label="" len="2.5" ]
Added edge: "12" -- "3" [ label="" len="2.5" ]
Driver: /usr/local/bin/dot. Output file: html/Heawood.svg. Format: svg. Timeout: 11 second(s)

graph Heawood
{
graph [ label="Graph produced by GraphViz2::Data::Grapher's scripts/Heawood.pl" rankdir="TB" ]
edge [ color="black" ]
node [ color="black" fontname="Arial" height="0.500000" label="\N" shape="circle" width="0.50000" ]
"0"
"1"
"0" -- "1" [ label="" ]
"2"
"1" -- "2" [ label="" ]
"3"
"2" -- "3" [ label="" ]
"4"
"3" -- "4" [ label="" ]
"5"
"4" -- "5" [ label="" ]
"6"
"5" -- "6" [ label="" ]
"7"
"6" -- "7" [ label="" ]
"8"
"7" -- "8" [ label="" ]
"9"
"8" -- "9" [ label="" ]
"10"
"9" -- "10" [ label="" ]
"11"
"10" -- "11" [ label="" ]
"12"
"11" -- "12" [ label="" ]
"13"
"12" -- "13" [ label="" ]
"13" -- "0" [ label="" ]
"0" -- "5" [ label="" len="2.5" ]
"2" -- "7" [ label="" len="2.5" ]
"4" -- "9" [ label="" len="2.5" ]
"6" -- "11" [ label="" len="2.5" ]
"8" -- "13" [ label="" len="2.5" ]
"10" -- "1" [ label="" len="2.5" ]
"12" -- "3" [ label="" len="2.5" ]
}
Wrote html/Heawood.svg. Size: 8401 bytes
