Default global: directed => digraph
Default global: driver => /usr/local/bin/dot
Default global: format => svg
Default global: label => ->
Default global: name => Perl
Default global: record_orientation => vertical
Default global: record_shape => Mrecord
Default global: strict => 0
Default global: timeout => 10
Default graph: rankdir => TB
Default node: shape => oval
Default edge: color => grey
Default node: shape => oval, style => filled
Added node: "Carnegie" [ color="aquamarine" ]
Added node: "Murrumbeena" [ color="bisque" ]
Added node: "Oakleigh" [ color="blueviolet" ]
Added node: "one" [ fillcolor="white" fixedsize="1" height="0" label="" style="filled" width="0" ]
Added edge: "Murrumbeena" -> "one" [ arrowhead="none" label="" samehead="1" ]
Added edge: "Carnegie" -> "one" [ arrowhead="none" label="" samehead="1" ]
Added edge: "one" -> "Oakleigh" [ label="" sametail="1" ]
Added node: "Ashburton" [ color="chartreuse" ]
Added node: "Chadstone" [ color="coral" ]
Added node: "Waverley" [ color="crimson" ]
Added node: "two" [ fillcolor="white" fixedsize="1" height="0" label="" style="filled" width="0" ]
Added edge: "Ashburton" -> "two" [ arrowhead="none" label="" samehead="1" ]
Added edge: "Chadstone" -> "two" [ arrowhead="none" label="" samehead="1" ]
Added edge: "two" -> "Waverley" [ label="" sametail="1" ]
Driver: /usr/local/bin/dot. Output file: html/jointed.edges.svg. Format: svg. Timeout: 10 second(s)

digraph Perl
{
graph [ rankdir="TB" ]
node [ shape="oval" ]
edge [ color="grey" ]
node [ shape="oval" style="filled" ]
"Carnegie" [ color="aquamarine" ]
"Murrumbeena" [ color="bisque" ]
"Oakleigh" [ color="blueviolet" ]
"one" [ fillcolor="white" fixedsize="1" height="0" label="" style="filled" width="0" ]
"Murrumbeena" -> "one" [ arrowhead="none" label="" samehead="1" ]
"Carnegie" -> "one" [ arrowhead="none" label="" samehead="1" ]
"one" -> "Oakleigh" [ label="" sametail="1" ]
"Ashburton" [ color="chartreuse" ]
"Chadstone" [ color="coral" ]
"Waverley" [ color="crimson" ]
"two" [ fillcolor="white" fixedsize="1" height="0" label="" style="filled" width="0" ]
"Ashburton" -> "two" [ arrowhead="none" label="" samehead="1" ]
"Chadstone" -> "two" [ arrowhead="none" label="" samehead="1" ]
"two" -> "Waverley" [ label="" sametail="1" ]
}
Wrote html/jointed.edges.svg. Size: 3855 bytes
