Default global: directed => digraph
Default global: driver => /usr/local/bin/dot
Default global: format => svg
Default global: label => ->
Default global: name => Perl
Default global: record_orientation => vertical
Default global: record_shape => Mrecord
Default global: strict => 0
Default global: timeout => 10
Default graph: label => Graph produced by GraphViz2::Data::Grapher's scripts/parse.xml.pp.pl, rankdir => TB
Default node: color => darkblue, shape => oval
Default edge: color => grey
Added node: "person"
Added node: "name"
Added edge: "person" -> "name" [ label="" ]
Added node: "given_name"
Added edge: "name" -> "given_name" [ label="" ]
Added node: "Ron" [ shape="rectangle" ]
Added edge: "given_name" -> "Ron" [ label="" ]
Added node: "surname"
Added edge: "name" -> "surname" [ label="" ]
Added node: "Savage" [ shape="rectangle" ]
Added edge: "surname" -> "Savage" [ label="" ]
Added node: "address"
Added edge: "person" -> "address" [ label="" ]
Added node: "country"
Added edge: "address" -> "country" [ label="" ]
Added node: "Australia" [ shape="rectangle" ]
Added edge: "country" -> "Australia" [ label="" ]
Added node: "state"
Added edge: "address" -> "state" [ label="" ]
Added node: "Victoria" [ shape="rectangle" ]
Added edge: "state" -> "Victoria" [ label="" ]
Added node: "city"
Added edge: "address" -> "city" [ label="" ]
Added node: "locality"
Added edge: "city" -> "locality" [ label="" ]
Added node: "Murrumbeena" [ shape="rectangle" ]
Added edge: "locality" -> "Murrumbeena" [ label="" ]
Added node: "postcode"
Added edge: "city" -> "postcode" [ label="" ]
Added node: "3163" [ shape="rectangle" ]
Added edge: "postcode" -> "3163" [ label="" ]
Driver: /usr/local/bin/dot. Output file: html/parse.xml.pp.svg. Format: svg. Timeout: 11 second(s)

digraph Perl
{
graph [ label="Graph produced by GraphViz2::Data::Grapher's scripts/parse.xml.pp.pl" rankdir="TB" ]
node [ color="darkblue" shape="oval" ]
edge [ color="grey" ]
"person"
"name"
"person" -> "name" [ label="" ]
"given_name"
"name" -> "given_name" [ label="" ]
"Ron" [ shape="rectangle" ]
"given_name" -> "Ron" [ label="" ]
"surname"
"name" -> "surname" [ label="" ]
"Savage" [ shape="rectangle" ]
"surname" -> "Savage" [ label="" ]
"address"
"person" -> "address" [ label="" ]
"country"
"address" -> "country" [ label="" ]
"Australia" [ shape="rectangle" ]
"country" -> "Australia" [ label="" ]
"state"
"address" -> "state" [ label="" ]
"Victoria" [ shape="rectangle" ]
"state" -> "Victoria" [ label="" ]
"city"
"address" -> "city" [ label="" ]
"locality"
"city" -> "locality" [ label="" ]
"Murrumbeena" [ shape="rectangle" ]
"locality" -> "Murrumbeena" [ label="" ]
"postcode"
"city" -> "postcode" [ label="" ]
"3163" [ shape="rectangle" ]
"postcode" -> "3163" [ label="" ]
}
Wrote html/parse.xml.pp.svg. Size: 9758 bytes
