Default global: directed => digraph
Default global: driver => /usr/local/bin/dot
Default global: format => svg
Default global: label => ->
Default global: name => Perl
Default global: record_orientation => vertical
Default global: record_shape => Mrecord
Default global: strict => 0
Default global: timeout => 10
Default graph: concentrate => 1, rankdir => TB
Default node: color => darkblue, shape => oval
Default edge: color => grey
Added node: "exp"
Added edge: "exp" -> "exp" [ label="" ]
Added node: "$start"
Added node: "input"
Added edge: "$start" -> "input" [ label="" ]
Added edge: "input" -> "input" [ label="" ]
Added node: "line"
Added edge: "input" -> "line" [ label="" ]
Added edge: "line" -> "exp" [ label="" ]
Added node: "exp" [ label="{<port1> exp|<port2> NUM \nVAR \nVAR '=' exp \nexp '+' exp \nexp '-' exp \nexp '*' exp \nexp '/' exp \n'-' exp \nexp '^' exp \n'(' exp ')' \n}" shape="record" ]
Added node: "$start" [ label="{<port1> $start|<port2> input $end \n}" shape="record" ]
Added node: "input" [ label="{<port1> input|<port2> (empty) \ninput line \n}" shape="record" ]
Added node: "line" [ label="{<port1> line|<port2> '\n' \nexp '\n' \nerror '\n' \n}" shape="record" ]
Driver: /usr/local/bin/dot. Output file: html/parse.yapp.svg. Format: svg. Timeout: 10 second(s)

digraph Perl
{
graph [ concentrate="1" rankdir="TB" ]
node [ color="darkblue" shape="oval" ]
edge [ color="grey" ]
"exp"
"exp" -> "exp" [ label="" ]
"$start"
"input"
"$start" -> "input" [ label="" ]
"input" -> "input" [ label="" ]
"line"
"input" -> "line" [ label="" ]
"line" -> "exp" [ label="" ]
"exp" [ label="{<port1> exp|<port2> NUM \nVAR \nVAR '=' exp \nexp '+' exp \nexp '-' exp \nexp '*' exp \nexp '/' exp \n'-' exp \nexp '^' exp \n'(' exp ')' \n}" shape="record" ]
"$start" [ label="{<port1> $start|<port2> input $end \n}" shape="record" ]
"input" [ label="{<port1> input|<port2> (empty) \ninput line \n}" shape="record" ]
"line" [ label="{<port1> line|<port2> '\n' \nexp '\n' \nerror '\n' \n}" shape="record" ]
}
Wrote html/parse.yapp.svg. Size: 5725 bytes
