Default global: directed => digraph
Default global: driver => /usr/local/bin/dot
Default global: format => svg
Default global: label => ->
Default global: name => Perl
Default global: record_orientation => vertical
Default global: record_shape => Mrecord
Default global: strict => 0
Default global: timeout => 10
Default graph: concentrate => 1, label => Graph produced by GraphViz2::Data::Grapher's scripts/parse.yacc.pl, rankdir => TB
Default node: color => darkblue, shape => oval
Default edge: color => grey
Added node: "number"
Added edge: "number" -> "number" [ label="" ]
Added node: "expr"
Added edge: "expr" -> "number" [ label="" ]
Added edge: "expr" -> "expr" [ label="" ]
Added node: "$accept"
Added node: "list"
Added edge: "$accept" -> "list" [ label="" ]
Added node: "stat"
Added edge: "stat" -> "expr" [ label="" ]
Added edge: "list" -> "stat" [ label="" ]
Added edge: "list" -> "list" [ label="" ]
Added node: "number" [ label="{<port1> number|<port2> DIGIT \nnumber DIGIT \n}" shape="record" ]
Added node: "expr" [ label="{<port1> expr|<port2> '(' expr ')' \nexpr '+' expr \nexpr '-' expr \nexpr '*' expr \nexpr '/' expr \nexpr '%' expr \nexpr '&' expr \nexpr '|' expr \n'-' expr \nLETTER \nnumber \n}" shape="record" ]
Added node: "$accept" [ label="{<port1> $accept|<port2> list $end \n}" shape="record" ]
Added node: "stat" [ label="{<port1> stat|<port2> expr \nLETTER '=' expr \n}" shape="record" ]
Added node: "list" [ label="{<port1> list|<port2> (empty) \nlist stat '\n' \nlist error '\n' \n}" shape="record" ]
Driver: /usr/local/bin/dot. Output file: html/parse.yacc.svg. Format: svg. Timeout: 11 second(s)

digraph Perl
{
graph [ concentrate="1" label="Graph produced by GraphViz2::Data::Grapher's scripts/parse.yacc.pl" rankdir="TB" ]
node [ color="darkblue" shape="oval" ]
edge [ color="grey" ]
"number"
"number" -> "number" [ label="" ]
"expr"
"expr" -> "number" [ label="" ]
"expr" -> "expr" [ label="" ]
"$accept"
"list"
"$accept" -> "list" [ label="" ]
"stat"
"stat" -> "expr" [ label="" ]
"list" -> "stat" [ label="" ]
"list" -> "list" [ label="" ]
"number" [ label="{<port1> number|<port2> DIGIT \nnumber DIGIT \n}" shape="record" ]
"expr" [ label="{<port1> expr|<port2> '(' expr ')' \nexpr '+' expr \nexpr '-' expr \nexpr '*' expr \nexpr '/' expr \nexpr '%' expr \nexpr '&' expr \nexpr '|' expr \n'-' expr \nLETTER \nnumber \n}" shape="record" ]
"$accept" [ label="{<port1> $accept|<port2> list $end \n}" shape="record" ]
"stat" [ label="{<port1> stat|<port2> expr \nLETTER '=' expr \n}" shape="record" ]
"list" [ label="{<port1> list|<port2> (empty) \nlist stat '\n' \nlist error '\n' \n}" shape="record" ]
}
Wrote html/parse.yacc.svg. Size: 7651 bytes
