Default global: directed => digraph
Default global: driver => /usr/local/bin/dot
Default global: format => svg
Default global: label => ->
Default global: name => Perl
Default global: record_orientation => horizontal
Default global: record_shape => Mrecord
Default global: strict => 0
Default global: timeout => 10
Default graph: label => Graph produced by GraphViz2::Data::Grapher's scripts/parse.marpa.pl, rankdir => TB
Default node: color => blue, shape => oval
Default edge: color => grey
Added node: "graph_definition_1" [ label="<port1> lhs: graph_definition_1|<port2> rhs list:|<port3> graph_sequence_1" shape="record" ]
Added node: "end_node_10" [ label="<port1> lhs: end_node_10|<port2> rhs list:|<port3> right_bracket_10" shape="record" ]
Added node: "attr_definition_11" [ label="<port1> lhs: attr_definition_11|<port2> rhs list:|<port3> attr_statement_11" shape="record" ]
Added node: "attr_statement_12" [ label="<port1> lhs: attr_statement_12|<port2> rhs list:|<port3> start_attribute_12|<port4> attr_sequence_12|<port5> end_attribute_12" shape="record" ]
Added node: "start_attribute_13" [ label="<port1> lhs: start_attribute_13|<port2> rhs list:|<port3> left_brace_13" shape="record" ]
Added node: "attr_sequence_14" [ label="<port1> lhs: attr_sequence_14|<port2> rhs list:|<port3> attr_declaration_14" shape="record" ]
Added node: "attr_declaration_15" [ label="<port1> lhs: attr_declaration_15|<port2> rhs list:|<port3> attr_name_15|<port4> colon_15|<port5> attr_value_15|<port6> attr_terminator_15" shape="record" ]
Added node: "attr_name_16" [ label="<port1> lhs: attr_name_16|<port2> rhs list:|<port3> attr_name_id_16" shape="record" ]
Added node: "attr_value_17" [ label="<port1> lhs: attr_value_17|<port2> rhs list:|<port3> attr_value_id_17" shape="record" ]
Added node: "attr_terminator_18" [ label="<port1> lhs: attr_terminator_18|<port2> rhs list:|<port3> semi_colon_18" shape="record" ]
Added node: "end_attribute_19" [ label="<port1> lhs: end_attribute_19|<port2> rhs list:|<port3> right_brace_19" shape="record" ]
Added node: "graph_sequence_2" [ label="<port1> lhs: graph_sequence_2|<port2> rhs list:|<port3> node_definition_2" shape="record" ]
Added node: "edge_definition_20" [ label="<port1> lhs: edge_definition_20|<port2> rhs list:|<port3> edge_name_20|<port4> attr_definition_20" shape="record" ]
Added node: "edge_name_21" [ label="<port1> lhs: edge_name_21|<port2> rhs list:|<port3> edge_id_21" shape="record" ]
Added node: "graph_sequence_3" [ label="<port1> lhs: graph_sequence_3|<port2> rhs list:|<port3> graph_sequence_3|<port4> edge_definition_3|<port5> node_definition_3" shape="record" ]
Added node: "node_definition_4" [ label="<port1> lhs: node_definition_4|<port2> rhs list:|<port3> node_sequence_4" shape="record" ]
Added node: "node_sequence_5" [ label="<port1> lhs: node_sequence_5|<port2> rhs list:|<port3> node_statement_5" shape="record" ]
Added node: "node_statement_6" [ label="<port1> lhs: node_statement_6|<port2> rhs list:|<port3> start_node_6|<port4> node_name_6|<port5> end_node_6|<port6> attr_definition_6" shape="record" ]
Added node: "node_sequence_7" [ label="<port1> lhs: node_sequence_7|<port2> rhs list:|<port3> node_statement_7|<port4> daisy_chain_7" shape="record" ]
Added node: "start_node_8" [ label="<port1> lhs: start_node_8|<port2> rhs list:|<port3> left_bracket_8" shape="record" ]
Added node: "node_name_9" [ label="<port1> lhs: node_name_9|<port2> rhs list:|<port3> node_name_id_9" shape="record" ]
Added edge: "graph_definition_1":port3 -> "graph_sequence_2":port1 [ label="" ]
Added edge: "graph_definition_1":port3 -> "graph_sequence_3":port1 [ label="" ]
Added edge: "attr_definition_11":port3 -> "attr_statement_12":port1 [ label="" ]
Added edge: "attr_statement_12":port3 -> "start_attribute_13":port1 [ label="" ]
Added edge: "attr_statement_12":port4 -> "attr_sequence_14":port1 [ label="" ]
Added edge: "attr_statement_12":port5 -> "end_attribute_19":port1 [ label="" ]
Added edge: "attr_sequence_14":port3 -> "attr_declaration_15":port1 [ label="" ]
Added edge: "attr_declaration_15":port3 -> "attr_name_16":port1 [ label="" ]
Added edge: "attr_declaration_15":port5 -> "attr_value_17":port1 [ label="" ]
Added edge: "attr_declaration_15":port6 -> "attr_terminator_18":port1 [ label="" ]
Added edge: "graph_sequence_2":port3 -> "node_definition_4":port1 [ label="" ]
Added edge: "edge_definition_20":port3 -> "edge_name_21":port1 [ label="" ]
Added edge: "edge_definition_20":port4 -> "attr_definition_11":port1 [ label="" ]
Added edge: "graph_sequence_3":port3 -> "graph_sequence_2":port1 [ label="" ]
Added edge: "graph_sequence_3":port1 -> "graph_sequence_3":port1 [ label="" ]
Added edge: "graph_sequence_3":port4 -> "edge_definition_20":port1 [ label="" ]
Added edge: "graph_sequence_3":port5 -> "node_definition_4":port1 [ label="" ]
Added edge: "node_definition_4":port3 -> "node_sequence_5":port1 [ label="" ]
Added edge: "node_definition_4":port3 -> "node_sequence_7":port1 [ label="" ]
Added edge: "node_sequence_5":port3 -> "node_statement_6":port1 [ label="" ]
Added edge: "node_statement_6":port3 -> "start_node_8":port1 [ label="" ]
Added edge: "node_statement_6":port4 -> "node_name_9":port1 [ label="" ]
Added edge: "node_statement_6":port5 -> "end_node_10":port1 [ label="" ]
Added edge: "node_statement_6":port6 -> "attr_definition_11":port1 [ label="" ]
Added edge: "node_sequence_7":port3 -> "node_statement_6":port1 [ label="" ]
Driver: /usr/local/bin/dot. Output file: html/parse.marpa.svg. Format: svg. Timeout: 11 second(s)

digraph Perl
{
graph [ label="Graph produced by GraphViz2::Data::Grapher's scripts/parse.marpa.pl" rankdir="TB" ]
node [ color="blue" shape="oval" ]
edge [ color="grey" ]
"graph_definition_1" [ label="<port1> lhs: graph_definition_1|<port2> rhs list:|<port3> graph_sequence_1" shape="record" ]
"end_node_10" [ label="<port1> lhs: end_node_10|<port2> rhs list:|<port3> right_bracket_10" shape="record" ]
"attr_definition_11" [ label="<port1> lhs: attr_definition_11|<port2> rhs list:|<port3> attr_statement_11" shape="record" ]
"attr_statement_12" [ label="<port1> lhs: attr_statement_12|<port2> rhs list:|<port3> start_attribute_12|<port4> attr_sequence_12|<port5> end_attribute_12" shape="record" ]
"start_attribute_13" [ label="<port1> lhs: start_attribute_13|<port2> rhs list:|<port3> left_brace_13" shape="record" ]
"attr_sequence_14" [ label="<port1> lhs: attr_sequence_14|<port2> rhs list:|<port3> attr_declaration_14" shape="record" ]
"attr_declaration_15" [ label="<port1> lhs: attr_declaration_15|<port2> rhs list:|<port3> attr_name_15|<port4> colon_15|<port5> attr_value_15|<port6> attr_terminator_15" shape="record" ]
"attr_name_16" [ label="<port1> lhs: attr_name_16|<port2> rhs list:|<port3> attr_name_id_16" shape="record" ]
"attr_value_17" [ label="<port1> lhs: attr_value_17|<port2> rhs list:|<port3> attr_value_id_17" shape="record" ]
"attr_terminator_18" [ label="<port1> lhs: attr_terminator_18|<port2> rhs list:|<port3> semi_colon_18" shape="record" ]
"end_attribute_19" [ label="<port1> lhs: end_attribute_19|<port2> rhs list:|<port3> right_brace_19" shape="record" ]
"graph_sequence_2" [ label="<port1> lhs: graph_sequence_2|<port2> rhs list:|<port3> node_definition_2" shape="record" ]
"edge_definition_20" [ label="<port1> lhs: edge_definition_20|<port2> rhs list:|<port3> edge_name_20|<port4> attr_definition_20" shape="record" ]
"edge_name_21" [ label="<port1> lhs: edge_name_21|<port2> rhs list:|<port3> edge_id_21" shape="record" ]
"graph_sequence_3" [ label="<port1> lhs: graph_sequence_3|<port2> rhs list:|<port3> graph_sequence_3|<port4> edge_definition_3|<port5> node_definition_3" shape="record" ]
"node_definition_4" [ label="<port1> lhs: node_definition_4|<port2> rhs list:|<port3> node_sequence_4" shape="record" ]
"node_sequence_5" [ label="<port1> lhs: node_sequence_5|<port2> rhs list:|<port3> node_statement_5" shape="record" ]
"node_statement_6" [ label="<port1> lhs: node_statement_6|<port2> rhs list:|<port3> start_node_6|<port4> node_name_6|<port5> end_node_6|<port6> attr_definition_6" shape="record" ]
"node_sequence_7" [ label="<port1> lhs: node_sequence_7|<port2> rhs list:|<port3> node_statement_7|<port4> daisy_chain_7" shape="record" ]
"start_node_8" [ label="<port1> lhs: start_node_8|<port2> rhs list:|<port3> left_bracket_8" shape="record" ]
"node_name_9" [ label="<port1> lhs: node_name_9|<port2> rhs list:|<port3> node_name_id_9" shape="record" ]
"graph_definition_1":port3 -> "graph_sequence_2":port1 [ label="" ]
"graph_definition_1":port3 -> "graph_sequence_3":port1 [ label="" ]
"attr_definition_11":port3 -> "attr_statement_12":port1 [ label="" ]
"attr_statement_12":port3 -> "start_attribute_13":port1 [ label="" ]
"attr_statement_12":port4 -> "attr_sequence_14":port1 [ label="" ]
"attr_statement_12":port5 -> "end_attribute_19":port1 [ label="" ]
"attr_sequence_14":port3 -> "attr_declaration_15":port1 [ label="" ]
"attr_declaration_15":port3 -> "attr_name_16":port1 [ label="" ]
"attr_declaration_15":port5 -> "attr_value_17":port1 [ label="" ]
"attr_declaration_15":port6 -> "attr_terminator_18":port1 [ label="" ]
"graph_sequence_2":port3 -> "node_definition_4":port1 [ label="" ]
"edge_definition_20":port3 -> "edge_name_21":port1 [ label="" ]
"edge_definition_20":port4 -> "attr_definition_11":port1 [ label="" ]
"graph_sequence_3":port3 -> "graph_sequence_2":port1 [ label="" ]
"graph_sequence_3":port1 -> "graph_sequence_3":port1 [ label="" ]
"graph_sequence_3":port4 -> "edge_definition_20":port1 [ label="" ]
"graph_sequence_3":port5 -> "node_definition_4":port1 [ label="" ]
"node_definition_4":port3 -> "node_sequence_5":port1 [ label="" ]
"node_definition_4":port3 -> "node_sequence_7":port1 [ label="" ]
"node_sequence_5":port3 -> "node_statement_6":port1 [ label="" ]
"node_statement_6":port3 -> "start_node_8":port1 [ label="" ]
"node_statement_6":port4 -> "node_name_9":port1 [ label="" ]
"node_statement_6":port5 -> "end_node_10":port1 [ label="" ]
"node_statement_6":port6 -> "attr_definition_11":port1 [ label="" ]
"node_sequence_7":port3 -> "node_statement_6":port1 [ label="" ]
}
Wrote html/parse.marpa.svg. Size: 27323 bytes
