Default global: directed => digraph
Default global: driver => /usr/local/bin/dot
Default global: format => svg
Default global: label => ->
Default global: name => Perl
Default global: record_orientation => horizontal
Default global: record_shape => Mrecord
Default global: strict => 0
Default global: timeout => 10
Default graph: rankdir => LR
Default node: color => green, shape => oval
Default edge: color => grey
Added node: "foo"
Added node: "bar"
Added node: "baz"
Added edge: "bar" -> "bar" [ label="/b/" ]
Added edge: "bar" -> "baz" [ label="/c/" ]
Added edge: "bar" -> "foo" [ label="/a/" ]
Added edge: "baz" -> "baz" [ label="/./" ]
Added edge: "foo" -> "bar" [ label="/b/" ]
Added edge: "foo" -> "foo" [ label="/./" ]
Driver: /usr/local/bin/dot. Output file: html/parse.stt.svg. Format: svg. Timeout: 10 second(s)

digraph Perl
{
graph [ rankdir="LR" ]
node [ color="green" shape="oval" ]
edge [ color="grey" ]
"foo"
"bar"
"baz"
"bar" -> "bar" [ label="/b/" ]
"bar" -> "baz" [ label="/c/" ]
"bar" -> "foo" [ label="/a/" ]
"baz" -> "baz" [ label="/./" ]
"foo" -> "bar" [ label="/b/" ]
"foo" -> "foo" [ label="/./" ]
}
Wrote html/parse.stt.svg. Size: 4050 bytes
