Default global: directed => digraph
Default global: driver => /usr/local/bin/dot
Default global: format => svg
Default global: label => ->
Default global: name => Perl
Default global: record_orientation => vertical
Default global: record_shape => Mrecord
Default global: strict => 0
Default global: timeout => 10
Default graph: label => Graph produced by GraphViz2::Data::Grapher's scripts/parse.xml.bare.pl, rankdir => TB
Default node: color => darkblue, shape => oval
Default edge: color => grey
Added node: "0" [ color="green" label="%$person" shape="doubleoctagon" ]
Added node: "0_kids" [ color="grey" fontcolor="darkblue" label="<port1> address|<port2> name" shape="Mrecord" ]
Added edge: "0" -> "0_kids":port1 [ label="" ]
Added node: "0_0_kids" [ color="grey" fontcolor="darkblue" label="<port1> %$address" shape="Mrecord" ]
Added edge: "0_kids":port1 -> "0_0_kids":port1 [ label="" ]
Added node: "0_0_0_kids" [ color="grey" fontcolor="darkblue" label="<port1> city|<port2> country|<port3> state" shape="Mrecord" ]
Added edge: "0_0_kids":port1 -> "0_0_0_kids":port2 [ label="" ]
Added node: "0_0_0_0_kids" [ color="grey" fontcolor="darkblue" label="<port1> %$city" shape="Mrecord" ]
Added edge: "0_0_0_kids":port1 -> "0_0_0_0_kids":port1 [ label="" ]
Added node: "0_0_0_0_0_kids" [ color="grey" fontcolor="darkblue" label="<port1> locality|<port2> postcode" shape="Mrecord" ]
Added edge: "0_0_0_0_kids":port1 -> "0_0_0_0_0_kids":port1 [ label="" ]
Added node: "0_0_0_0_0_0_kids" [ color="grey" fontcolor="darkblue" label="<port1> Murrumbeena" shape="Mrecord" ]
Added edge: "0_0_0_0_0_kids":port1 -> "0_0_0_0_0_0_kids":port1 [ label="" ]
Added node: "0_0_0_0_0_1_kids" [ color="grey" fontcolor="darkblue" label="<port1> 3163" shape="Mrecord" ]
Added edge: "0_0_0_0_0_kids":port2 -> "0_0_0_0_0_1_kids":port1 [ label="" ]
Added node: "0_0_0_1_kids" [ color="grey" fontcolor="darkblue" label="<port1> Australia" shape="Mrecord" ]
Added edge: "0_0_0_kids":port2 -> "0_0_0_1_kids":port1 [ label="" ]
Added node: "0_0_0_2_kids" [ color="grey" fontcolor="darkblue" label="<port1> Victoria" shape="Mrecord" ]
Added edge: "0_0_0_kids":port3 -> "0_0_0_2_kids":port1 [ label="" ]
Added node: "0_1_kids" [ color="grey" fontcolor="darkblue" label="<port1> %$name" shape="Mrecord" ]
Added edge: "0_kids":port2 -> "0_1_kids":port1 [ label="" ]
Added node: "0_1_0_kids" [ color="grey" fontcolor="darkblue" label="<port1> given_name|<port2> surname" shape="Mrecord" ]
Added edge: "0_1_kids":port1 -> "0_1_0_kids":port1 [ label="" ]
Added node: "0_1_0_0_kids" [ color="grey" fontcolor="darkblue" label="<port1> Ron" shape="Mrecord" ]
Added edge: "0_1_0_kids":port1 -> "0_1_0_0_kids":port1 [ label="" ]
Added node: "0_1_0_1_kids" [ color="grey" fontcolor="darkblue" label="<port1> Savage" shape="Mrecord" ]
Added edge: "0_1_0_kids":port2 -> "0_1_0_1_kids":port1 [ label="" ]
Driver: /usr/local/bin/dot. Output file: html/parse.xml.bare.svg. Format: svg. Timeout: 11 second(s)

digraph Perl
{
graph [ label="Graph produced by GraphViz2::Data::Grapher's scripts/parse.xml.bare.pl" rankdir="TB" ]
node [ color="darkblue" shape="oval" ]
edge [ color="grey" ]
"0" [ color="green" label="%$person" shape="doubleoctagon" ]
"0_kids" [ color="grey" fontcolor="darkblue" label="<port1> address|<port2> name" shape="Mrecord" ]
"0" -> "0_kids":port1 [ label="" ]
"0_0_kids" [ color="grey" fontcolor="darkblue" label="<port1> %$address" shape="Mrecord" ]
"0_kids":port1 -> "0_0_kids":port1 [ label="" ]
"0_0_0_kids" [ color="grey" fontcolor="darkblue" label="<port1> city|<port2> country|<port3> state" shape="Mrecord" ]
"0_0_kids":port1 -> "0_0_0_kids":port2 [ label="" ]
"0_0_0_0_kids" [ color="grey" fontcolor="darkblue" label="<port1> %$city" shape="Mrecord" ]
"0_0_0_kids":port1 -> "0_0_0_0_kids":port1 [ label="" ]
"0_0_0_0_0_kids" [ color="grey" fontcolor="darkblue" label="<port1> locality|<port2> postcode" shape="Mrecord" ]
"0_0_0_0_kids":port1 -> "0_0_0_0_0_kids":port1 [ label="" ]
"0_0_0_0_0_0_kids" [ color="grey" fontcolor="darkblue" label="<port1> Murrumbeena" shape="Mrecord" ]
"0_0_0_0_0_kids":port1 -> "0_0_0_0_0_0_kids":port1 [ label="" ]
"0_0_0_0_0_1_kids" [ color="grey" fontcolor="darkblue" label="<port1> 3163" shape="Mrecord" ]
"0_0_0_0_0_kids":port2 -> "0_0_0_0_0_1_kids":port1 [ label="" ]
"0_0_0_1_kids" [ color="grey" fontcolor="darkblue" label="<port1> Australia" shape="Mrecord" ]
"0_0_0_kids":port2 -> "0_0_0_1_kids":port1 [ label="" ]
"0_0_0_2_kids" [ color="grey" fontcolor="darkblue" label="<port1> Victoria" shape="Mrecord" ]
"0_0_0_kids":port3 -> "0_0_0_2_kids":port1 [ label="" ]
"0_1_kids" [ color="grey" fontcolor="darkblue" label="<port1> %$name" shape="Mrecord" ]
"0_kids":port2 -> "0_1_kids":port1 [ label="" ]
"0_1_0_kids" [ color="grey" fontcolor="darkblue" label="<port1> given_name|<port2> surname" shape="Mrecord" ]
"0_1_kids":port1 -> "0_1_0_kids":port1 [ label="" ]
"0_1_0_0_kids" [ color="grey" fontcolor="darkblue" label="<port1> Ron" shape="Mrecord" ]
"0_1_0_kids":port1 -> "0_1_0_0_kids":port1 [ label="" ]
"0_1_0_1_kids" [ color="grey" fontcolor="darkblue" label="<port1> Savage" shape="Mrecord" ]
"0_1_0_kids":port2 -> "0_1_0_1_kids":port1 [ label="" ]
}
Wrote html/parse.xml.bare.svg. Size: 17090 bytes
